<?xml version="1.0" encoding="UTF-8"?>
<!-- Generated by org.testng.reporters.JUnitXMLReporter -->
<testsuite ignored="0" hostname="Lenovo-PC" failures="0" tests="6" name="Default test" time="27.52" errors="0" timestamp="05 Feb 2021 04:28:15 GMT">
  <testcase classname="testcases.LoginPageTestCases" name="LoginWithEmptyUsernameAndPassword" time="0.15"/>
  <testcase classname="testcases.LoginPageTestCases" name="LoginWithValidCredentials" time="2.143"/>
  <testcase classname="testcases.LoginPageTestCases" name="LoginWithValidCredentials" time="3.551"/>
  <testcase classname="testcases.LoginPageTestCases" name="LoginWithValidCredentials" time="5.803"/>
  <testcase classname="testcases.LoginPageTestCases" name="LoginWithLockedOutUser" time="0.276"/>
  <testcase classname="testcases.LoginPageTestCases" name="LoginWithInvalidCredentials" time="0.183"/>
</testsuite> <!-- Default test -->
